This is pdfTeX, Version 3.141592653-2.6-1.40.22 (TeX Live 2022/dev/Debian) (preloaded format=pdflatex 2024.6.15)  24 JUN 2024 09:25
entering extended mode
 restricted \write18 enabled.
 file:line:error style messages enabled.
 %&-line parsing enabled.
**"/home/osmahus/Code/DF/Final_V2.0/WPT-ViT/research_paper/springer_nature_latex/WPT_ViT_ OCOM5300M_ID_201575418.tex"
(/home/osmahus/Code/DF/Final_V2.0/WPT-ViT/research_paper/springer_nature_latex/WPT_ViT_ OCOM5300M_ID_201575418.tex
LaTeX2e <2021-11-15> patch level 1
L3 programming layer <2022-01-21> (./svproc.cls
Document Class: svproc 2016/07/20 v1.3 
 LaTeX document class for Proceedings volumes
(/usr/share/texlive/texmf-dist/tex/latex/base/article.cls
Document Class: article 2021/10/04 v1.4n Standard LaTeX document class
(/usr/share/texlive/texmf-dist/tex/latex/base/size10.clo
File: size10.clo 2021/10/04 v1.4n Standard LaTeX file (size option)
)
\c@part=\count185
\c@section=\count186
\c@subsection=\count187
\c@subsubsection=\count188
\c@paragraph=\count189
\c@subparagraph=\count190
\c@figure=\count191
\c@table=\count192
\abovecaptionskip=\skip47
\belowcaptionskip=\skip48
\bibindent=\dimen138
) (/usr/share/texlive/texmf-dist/tex/latex/tools/multicol.sty
Package: multicol 2021/10/28 v1.9b multicolumn formatting (FMi)
\c@tracingmulticols=\count193
\mult@box=\box50
\multicol@leftmargin=\dimen139
\c@unbalance=\count194
\c@collectmore=\count195
\doublecol@number=\count196
\multicoltolerance=\count197
\multicolpretolerance=\count198
\full@width=\dimen140
\page@free=\dimen141
\premulticols=\dimen142
\postmulticols=\dimen143
\multicolsep=\skip49
\multicolbaselineskip=\skip50
\partial@page=\box51
\last@line=\box52
\maxbalancingoverflow=\dimen144
\mult@rightbox=\box53
\mult@grightbox=\box54
\mult@firstbox=\box55
\mult@gfirstbox=\box56
\@tempa=\box57
\@tempa=\box58
\@tempa=\box59
\@tempa=\box60
\@tempa=\box61
\@tempa=\box62
\@tempa=\box63
\@tempa=\box64
\@tempa=\box65
\@tempa=\box66
\@tempa=\box67
\@tempa=\box68
\@tempa=\box69
\@tempa=\box70
\@tempa=\box71
\@tempa=\box72
\@tempa=\box73
\@tempa=\box74
\@tempa=\box75
\@tempa=\box76
\@tempa=\box77
\@tempa=\box78
\@tempa=\box79
\@tempa=\box80
\@tempa=\box81
\@tempa=\box82
\@tempa=\box83
\@tempa=\box84
\@tempa=\box85
\@tempa=\box86
\@tempa=\box87
\@tempa=\box88
\@tempa=\box89
\@tempa=\box90
\@tempa=\box91
\@tempa=\box92
\c@minrows=\count199
\c@columnbadness=\count266
\c@finalcolumnbadness=\count267
\last@try=\dimen145
\multicolovershoot=\dimen146
\multicolundershoot=\dimen147
\mult@nat@firstbox=\box93
\colbreak@box=\box94
\mc@col@check@num=\count268
) (./aliascnt.sty
Package: aliascnt 2009/09/08 v1.3 Alias counter (HO)
 (./remreset.sty))
\c@chapter=\count269
LaTeX Font Info:    Redeclaring math symbol \Gamma on input line 369.
LaTeX Font Info:    Redeclaring math symbol \Delta on input line 370.
LaTeX Font Info:    Redeclaring math symbol \Theta on input line 371.
LaTeX Font Info:    Redeclaring math symbol \Lambda on input line 372.
LaTeX Font Info:    Redeclaring math symbol \Xi on input line 373.
LaTeX Font Info:    Redeclaring math symbol \Pi on input line 374.
LaTeX Font Info:    Redeclaring math symbol \Sigma on input line 375.
LaTeX Font Info:    Redeclaring math symbol \Upsilon on input line 376.
LaTeX Font Info:    Redeclaring math symbol \Phi on input line 377.
LaTeX Font Info:    Redeclaring math symbol \Psi on input line 378.
LaTeX Font Info:    Redeclaring math symbol \Omega on input line 379.
\tocchpnum=\dimen148
\tocsecnum=\dimen149
\tocsectotal=\dimen150
\tocsubsecnum=\dimen151
\tocsubsectotal=\dimen152
\tocsubsubsecnum=\dimen153
\tocsubsubsectotal=\dimen154
\tocparanum=\dimen155
\tocparatotal=\dimen156
\tocsubparanum=\dimen157
\@tempcntc=\count270
\fnindent=\dimen158
\c@@inst=\count271
\c@@auth=\count272
\c@auco=\count273
\instindent=\dimen159
\authrun=\box95
\authorrunning=\toks16
\tocauthor=\toks17
\titrun=\box96
\titlerunning=\toks18
\toctitle=\toks19
\c@theorem=\count274
\c@case=\count275
\c@conjecture=\count276
\c@corollary=\count277
\c@definition=\count278
\c@example=\count279
\c@exercise=\count280
\c@lemma=\count281
\c@note=\count282
\c@problem=\count283
\c@property=\count284
\c@proposition=\count285
\c@question=\count286
\c@solution=\count287
\c@remark=\count288
\headlineindent=\dimen160
) (/usr/share/texlive/texmf-dist/tex/latex/url/url.sty
\Urlmuskip=\muskip16
Package: url 2013/09/16  ver 3.4  Verb mode for urls, etc.
) (/usr/share/texlive/texmf-dist/tex/latex/graphics/graphicx.sty
Package: graphicx 2021/09/16 v1.2d Enhanced LaTeX Graphics (DPC,SPQR)
 (/usr/share/texlive/texmf-dist/tex/latex/graphics/keyval.sty
Package: keyval 2014/10/28 v1.15 key=value parser (DPC)
\KV@toks@=\toks20
) (/usr/share/texlive/texmf-dist/tex/latex/graphics/graphics.sty
Package: graphics 2021/03/04 v1.4d Standard LaTeX Graphics (DPC,SPQR)
 (/usr/share/texlive/texmf-dist/tex/latex/graphics/trig.sty
Package: trig 2021/08/11 v1.11 sin cos tan (DPC)
) (/usr/share/texlive/texmf-dist/tex/latex/graphics-cfg/graphics.cfg
File: graphics.cfg 2016/06/04 v1.11 sample graphics configuration
)
Package graphics Info: Driver file: pdftex.def on input line 107.
 (/usr/share/texlive/texmf-dist/tex/latex/graphics-def/pdftex.def
File: pdftex.def 2020/10/05 v1.2a Graphics/color driver for pdftex
))
\Gin@req@height=\dimen161
\Gin@req@width=\dimen162
) (/usr/share/texlive/texmf-dist/tex/latex/amsmath/amsmath.sty
Package: amsmath 2021/10/15 v2.17l AMS math features
\@mathmargin=\skip51

For additional information on amsmath, use the `?' option.
(/usr/share/texlive/texmf-dist/tex/latex/amsmath/amstext.sty
Package: amstext 2021/08/26 v2.01 AMS text
 (/usr/share/texlive/texmf-dist/tex/latex/amsmath/amsgen.sty
File: amsgen.sty 1999/11/30 v2.0 generic functions
\@emptytoks=\toks21
\ex@=\dimen163
)) (/usr/share/texlive/texmf-dist/tex/latex/amsmath/amsbsy.sty
Package: amsbsy 1999/11/29 v1.2d Bold Symbols
\pmbraise@=\dimen164
) (/usr/share/texlive/texmf-dist/tex/latex/amsmath/amsopn.sty
Package: amsopn 2021/08/26 v2.02 operator names
)
\inf@bad=\count289
LaTeX Info: Redefining \frac on input line 234.
\uproot@=\count290
\leftroot@=\count291
LaTeX Info: Redefining \overline on input line 399.
\classnum@=\count292
\DOTSCASE@=\count293
LaTeX Info: Redefining \ldots on input line 496.
LaTeX Info: Redefining \dots on input line 499.
LaTeX Info: Redefining \cdots on input line 620.
\Mathstrutbox@=\box97
\strutbox@=\box98
\big@size=\dimen165
LaTeX Font Info:    Redeclaring font encoding OML on input line 743.
LaTeX Font Info:    Redeclaring font encoding OMS on input line 744.
\macc@depth=\count294
\c@MaxMatrixCols=\count295
\dotsspace@=\muskip17
\c@parentequation=\count296
\dspbrk@lvl=\count297
\tag@help=\toks22
\row@=\count298
\column@=\count299
\maxfields@=\count300
\andhelp@=\toks23
\eqnshift@=\dimen166
\alignsep@=\dimen167
\tagshift@=\dimen168
\tagwidth@=\dimen169
\totwidth@=\dimen170
\lineht@=\dimen171
\@envbody=\toks24
\multlinegap=\skip52
\multlinetaggap=\skip53
\mathdisplay@stack=\toks25
LaTeX Info: Redefining \[ on input line 2938.
LaTeX Info: Redefining \] on input line 2939.
) (/usr/share/texlive/texmf-dist/tex/latex/caption/caption.sty
Package: caption 2020/10/26 v3.5g Customizing captions (AR)
 (/usr/share/texlive/texmf-dist/tex/latex/caption/caption3.sty
Package: caption3 2020/10/21 v2.2e caption3 kernel (AR)
\captionmargin=\dimen172
\captionmargin@=\dimen173
\captionwidth=\dimen174
\caption@tempdima=\dimen175
\caption@indent=\dimen176
\caption@parindent=\dimen177
\caption@hangindent=\dimen178
Package caption Info: Unknown document class (or package),
(caption)             standard defaults will be used.
Package caption Info: \@makecaption = \long macro:#1#2->\small \vskip \abovecaptionskip \sbox \@tempboxa {{\bfseries #1.} #2}\ifdim \wd \@tempboxa >\hsize {\bfseries #1.} #2\par \else \global \@minipagefalse \hb@xt@ \hsize {\hfil \box \@tempboxa \hfil }\fi \vskip \belowcaptionskip  on input line 1139.
)

Package caption Warning: Unknown document class (or package),
(caption)                standard defaults will be used.
See the caption package documentation for explanation.

\c@caption@flags=\count301
\c@continuedfloat=\count302
) (/usr/share/texlive/texmf-dist/tex/latex/caption/subcaption.sty
Package: subcaption 2020/10/07 v1.3j Sub-captions (AR)
\c@subfigure=\count303
\c@subtable=\count304
) (/usr/share/texlive/texmf-dist/tex/latex/tabularray/tabularray.sty (/usr/share/texlive/texmf-dist/tex/latex/l3kernel/expl3.sty
Package: expl3 2022-01-21 L3 programming layer (loader) 
 (/usr/share/texlive/texmf-dist/tex/latex/l3backend/l3backend-pdftex.def
File: l3backend-pdftex.def 2022-01-12 L3 backend support: PDF output (pdfTeX)
\l__color_backend_stack_int=\count305
\l__pdf_internal_box=\box99
))
Package: tabularray 2021-12-01 v2021Q Typeset tabulars and arrays with LaTeX3
 (/usr/share/texlive/texmf-dist/tex/latex/l3packages/xparse/xparse.sty
Package: xparse 2022-01-12 L3 Experimental document command parser
)
\l__tblr_a_int=\count306
\l__tblr_c_int=\count307
\l__tblr_r_int=\count308
\l__tblr_d_dim=\dimen179
\l__tblr_h_dim=\dimen180
\l__tblr_o_dim=\dimen181
\l__tblr_p_dim=\dimen182
\l__tblr_q_dim=\dimen183
\l__tblr_r_dim=\dimen184
\l__tblr_s_dim=\dimen185
\l__tblr_t_dim=\dimen186
\l__tblr_v_dim=\dimen187
\l__tblr_w_dim=\dimen188
\l__tblr_a_box=\box100
\l__tblr_b_box=\box101
\l__tblr_c_box=\box102
\l__tblr_d_box=\box103
\g__tblr_table_count_int=\count309
\c@rownum=\count310
\c@colnum=\count311
\c@rowcount=\count312
\c@colcount=\count313
\abovesep=\dimen189
\belowsep=\dimen190
\leftsep=\dimen191
\rightsep=\dimen192
\g_tblr_level_int=\count314
\g__tblr_data_row_key_count_int=\count315
\g__tblr_data_column_key_count_int=\count316
\g__tblr_data_cell_key_count_int=\count317
\g__tblr_array_int=\count318
\l__tblr_key_count_int=\count319
\l__tblr_key_quotient_int=\count320
\l__tblr_key_quotient_two_int=\count321
\l__tblr_key_remainder_int=\count322
\g__tblr_data_str_value_count_int=\count323
\rulewidth=\dimen193
\l__multicolumn_cell_number_int=\count324
\l__tblr_strut_ht_box=\box104
\l__tblr_strut_dp_box=\box105
\g__tblr_cell_wd_dim=\dimen194
\g__tblr_cell_ht_dim=\dimen195
\g__tblr_cell_head_dim=\dimen196
\g__tblr_cell_foot_dim=\dimen197
\l__column_target_dim=\dimen198
\l__tblr_caption_box=\box106
\l__tblr_caption_left_box=\box107
\l__tblr_row_head_box=\box108
\l__tblr_row_foot_box=\box109
\l__tblr_row_head_foot_dim=\dimen199
\tablewidth=\dimen256
\l__tblr_table_firsthead_box=\box110
\l__tblr_table_middlehead_box=\box111
\l__tblr_table_lasthead_box=\box112
\l__tblr_table_firstfoot_box=\box113
\l__tblr_table_middlefoot_box=\box114
\l__tblr_table_lastfoot_box=\box115
\l__tblr_remain_height_dim=\dimen257
\l__tblr_long_from_int=\count325
\l__tblr_long_to_int=\count326
\l__tblr_curr_i_int=\count327
\l__tblr_prev_i_int=\count328
\l__tblr_table_page_int=\count329
\l__tblr_table_head_box=\box116
\l__tblr_table_foot_box=\box117
\l__tblr_table_head_foot_dim=\dimen258
\l__tblr_table_head_body_foot_dim=\dimen259
\l__tblr_table_box=\box118
\l__tblr_table_hlines_box=\box119
\l__tblr_hline_box=\box120
\l__tblr_row_box=\box121
\l__tblr_col_o_wd_dim=\dimen260
\l__tblr_col_b_wd_dim=\dimen261
\l__tblr_hline_leftskip_dim=\dimen262
\l__tblr_hline_rightskip_dim=\dimen263
\l__tblr_row_ht_dim=\dimen264
\l__tblr_row_dp_dim=\dimen265
\l__tblr_row_abovesep_dim=\dimen266
\l__tblr_row_belowsep_dim=\dimen267
\l__tblr_row_vlines_box=\box122
\l__tblr_vline_box=\box123
\l__tblr_cell_box=\box124
\l__row_upper_dim=\dimen268
\l__row_lower_dim=\dimen269
\l__row_vpace_dim=\dimen270
\l__tblr_vline_aboveskip_dim=\dimen271
\l__tblr_vline_belowskip_dim=\dimen272
\l__tblr_cell_wd_dim=\dimen273
\l__tblr_cell_ht_dim=\dimen274
\l__tblr_diag_box=\box125
) (/usr/share/texlive/texmf-dist/tex/latex/tools/array.sty
Package: array 2021/10/04 v2.5f Tabular extension package (FMi)
\col@sep=\dimen275
\ar@mcellbox=\box126
\extrarowheight=\dimen276
\NC@list=\toks26
\extratabsurround=\skip54
\backup@length=\skip55
\ar@cellbox=\box127
) (/usr/share/texlive/texmf-dist/tex/latex/float/float.sty
Package: float 2001/11/08 v1.3d Float enhancements (AL)
\c@float@type=\count330
\float@exts=\toks27
\float@box=\box128
\@float@everytoks=\toks28
\@floatcapt=\box129
) (./WPT_ViT_ OCOM5300M_ID_201575418.aux

LaTeX Warning: Label `fig:exp2_sub2' multiply defined.


LaTeX Warning: Label `sub@fig:exp2_sub2' multiply defined.

)
\openout1 = `"WPT_ViT_ OCOM5300M_ID_201575418.aux"'.

LaTeX Font Info:    Checking defaults for OML/cmm/m/it on input line 29.
LaTeX Font Info:    ... okay on input line 29.
LaTeX Font Info:    Checking defaults for OMS/cmsy/m/n on input line 29.
LaTeX Font Info:    ... okay on input line 29.
LaTeX Font Info:    Checking defaults for OT1/cmr/m/n on input line 29.
LaTeX Font Info:    ... okay on input line 29.
LaTeX Font Info:    Checking defaults for T1/cmr/m/n on input line 29.
LaTeX Font Info:    ... okay on input line 29.
LaTeX Font Info:    Checking defaults for TS1/cmr/m/n on input line 29.
LaTeX Font Info:    ... okay on input line 29.
LaTeX Font Info:    Checking defaults for OMX/cmex/m/n on input line 29.
LaTeX Font Info:    ... okay on input line 29.
LaTeX Font Info:    Checking defaults for U/cmr/m/n on input line 29.
LaTeX Font Info:    ... okay on input line 29.
 (/usr/share/texlive/texmf-dist/tex/context/base/mkii/supp-pdf.mkii
[Loading MPS to PDF converter (version 2006.09.02).]
\scratchcounter=\count331
\scratchdimen=\dimen277
\scratchbox=\box130
\nofMPsegments=\count332
\nofMParguments=\count333
\everyMPshowfont=\toks29
\MPscratchCnt=\count334
\MPscratchDim=\dimen278
\MPnumerator=\count335
\makeMPintoPDFobject=\count336
\everyMPtoPDFconversion=\toks30
) (/usr/share/texlive/texmf-dist/tex/latex/epstopdf-pkg/epstopdf-base.sty
Package: epstopdf-base 2020-01-24 v2.11 Base part for package epstopdf
Package epstopdf-base Info: Redefining graphics rule for `.eps' on input line 485.
 (/usr/share/texlive/texmf-dist/tex/latex/latexconfig/epstopdf-sys.cfg
File: epstopdf-sys.cfg 2010/07/13 v1.3 Configuration of (r)epstopdf for TeX Live
))
Package caption Info: Begin \AtBeginDocument code.
Package caption Info: float package is loaded.
Package caption Info: End \AtBeginDocument code.
 [1


{/var/lib/texmf/fonts/map/pdftex/updmap/pdftex.map}] [2]
Underfull \hbox (badness 10000) in paragraph at lines 92--101

 []

[3]
Underfull \hbox (badness 10000) in paragraph at lines 112--113

 []


Underfull \hbox (badness 10000) in paragraph at lines 158--160

 []

[4]
<figures/WT_Filterbank.png, id=30, 735.49782pt x 282.30469pt>
File: figures/WT_Filterbank.png Graphic file (type png)
<use figures/WT_Filterbank.png>
Package pdftex.def Info: figures/WT_Filterbank.png  used on input line 179.
(pdftex.def)             Requested size: 173.56177pt x 66.6173pt.
<figures/WT_Filterpacket.png, id=32, 553.31718pt x 360.59718pt>
File: figures/WT_Filterpacket.png Graphic file (type png)
<use figures/WT_Filterpacket.png>
Package pdftex.def Info: figures/WT_Filterpacket.png  used on input line 187.
(pdftex.def)             Requested size: 173.56177pt x 113.11002pt.
 [5 <./figures/WT_Filterbank.png> <./figures/WT_Filterpacket.png>]
<figures/WPT-ViT_model.png, id=38, 624.83438pt x 526.21594pt>
File: figures/WPT-ViT_model.png Graphic file (type png)
<use figures/WPT-ViT_model.png>
Package pdftex.def Info: figures/WPT-ViT_model.png  used on input line 199.
(pdftex.def)             Requested size: 347.12354pt x 292.34236pt.
 [6 <./figures/WPT-ViT_model.png>]
<figures/dataset_CIFAKE.png, id=43, 434.3427pt x 226.9278pt>
File: figures/dataset_CIFAKE.png Graphic file (type png)
<use figures/dataset_CIFAKE.png>
Package pdftex.def Info: figures/dataset_CIFAKE.png  used on input line 238.
(pdftex.def)             Requested size: 156.20453pt x 81.61082pt.
<figures/dataset_RVSF.png, id=44, 441.5697pt x 224.7597pt>
File: figures/dataset_RVSF.png Graphic file (type png)
<use figures/dataset_RVSF.png>
Package pdftex.def Info: figures/dataset_RVSF.png  used on input line 244.
(pdftex.def)             Requested size: 156.20453pt x 79.50731pt.

Overfull \hbox (34.7222pt too wide) in paragraph at lines 293--294
 [][] 
 []

[7 <./figures/dataset_CIFAKE.png> <./figures/dataset_RVSF.png>]
<figures/wavelet_db2.png, id=51, 369.2997pt x 224.7597pt>
File: figures/wavelet_db2.png Graphic file (type png)
<use figures/wavelet_db2.png>
Package pdftex.def Info: figures/wavelet_db2.png  used on input line 303.
(pdftex.def)             Requested size: 173.56177pt x 105.6302pt.
<figures/exp1_img.png, id=52, 151.0443pt x 158.994pt>
File: figures/exp1_img.png Graphic file (type png)
<use figures/exp1_img.png>
Package pdftex.def Info: figures/exp1_img.png  used on input line 315.
(pdftex.def)             Requested size: 78.10226pt x 82.21397pt.
<figures/exp1_img_wptdec.png, id=53, 495.7722pt x 564.4287pt>
File: figures/exp1_img_wptdec.png Graphic file (type png)
<use figures/exp1_img_wptdec.png>
Package pdftex.def Info: figures/exp1_img_wptdec.png  used on input line 324.
(pdftex.def)             Requested size: 218.68538pt x 248.96948pt.

Underfull \vbox (badness 10000) has occurred while \output is active []

 [8 <./figures/wavelet_db2.png>]
<figures/exp1_model.png, id=58, 868.74562pt x 447.92343pt>
File: figures/exp1_model.png Graphic file (type png)
<use figures/exp1_model.png>
Package pdftex.def Info: figures/exp1_model.png  used on input line 339.
(pdftex.def)             Requested size: 347.12354pt x 178.97482pt.

Underfull \vbox (badness 10000) has occurred while \output is active []

 [9 <./figures/exp1_img.png> <./figures/exp1_img_wptdec.png>]
<figures/exp1_CFM.png, id=64, 586.1097pt x 297.0297pt>
File: figures/exp1_CFM.png Graphic file (type png)
<use figures/exp1_CFM.png>
Package pdftex.def Info: figures/exp1_CFM.png  used on input line 349.
(pdftex.def)             Requested size: 277.69987pt x 140.73251pt.
<figures/exp1_attn_fake.png, id=65, 719.8092pt x 658.3797pt>
File: figures/exp1_attn_fake.png Graphic file (type png)
<use figures/exp1_attn_fake.png>
Package pdftex.def Info: figures/exp1_attn_fake.png  used on input line 358.
(pdftex.def)             Requested size: 242.98541pt x 222.24881pt.

Overfull \hbox (1.15475pt too wide) in paragraph at lines 354--361
\OT1/cmr/m/n/10 The fol-low-ing curve shows that at-ten-tion has been gen-er-ated be-tween the Wavelet
 []

[10 <./figures/exp1_model.png> <./figures/exp1_CFM.png>]
<figures/exp2_img.png, id=71, 151.0443pt x 158.994pt>
File: figures/exp2_img.png Graphic file (type png)
<use figures/exp2_img.png>
Package pdftex.def Info: figures/exp2_img.png  used on input line 371.
(pdftex.def)             Requested size: 93.72365pt x 98.65775pt.
<figures/exp2_wptdec.png, id=72, 499.3857pt x 564.4287pt>
File: figures/exp2_wptdec.png Graphic file (type png)
<use figures/exp2_wptdec.png>
Package pdftex.def Info: figures/exp2_wptdec.png  used on input line 377.
(pdftex.def)             Requested size: 86.78088pt x 98.07889pt.
<figures/compare_all.png, id=73, 824.6007pt x 617.9085pt>
File: figures/compare_all.png Graphic file (type png)
<use figures/compare_all.png>
Package pdftex.def Info: figures/compare_all.png  used on input line 392.
(pdftex.def)             Requested size: 124.9617pt x 93.63455pt.
<figures/compare_slices.png, id=74, 824.6007pt x 617.9085pt>
File: figures/compare_slices.png Graphic file (type png)
<use figures/compare_slices.png>
Package pdftex.def Info: figures/compare_slices.png  used on input line 398.
(pdftex.def)             Requested size: 124.9617pt x 93.63455pt.
<figures/Compare_speed.png, id=75, 1091.277pt x 730.6497pt>
File: figures/Compare_speed.png Graphic file (type png)
<use figures/Compare_speed.png>
Package pdftex.def Info: figures/Compare_speed.png  used on input line 404.
(pdftex.def)             Requested size: 281.16624pt x 188.24753pt.

Underfull \vbox (badness 6758) has occurred while \output is active []

 [11 <./figures/exp1_attn_fake.png> <./figures/exp2_img.png> <./figures/exp2_wptdec.png>] [12 <./figures/compare_all.png> <./figures/compare_slices.png> <./figures/Compare_speed.png>] [13] [14] (./WPT_ViT_ OCOM5300M_ID_201575418.aux)

LaTeX Warning: There were multiply-defined labels.

 ) 
Here is how much of TeX's memory you used:
 5980 strings out of 478287
 117586 string characters out of 5849289
 425718 words of memory out of 5000000
 24137 multiletter control sequences out of 15000+600000
 473981 words of font info for 45 fonts, out of 8000000 for 9000
 1141 hyphenation exceptions out of 8191
 55i,11n,63p,1268b,492s stack positions out of 5000i,500n,10000p,200000b,80000s
</usr/share/texlive/texmf-dist/fonts/type1/public/amsfonts/cm/cmbx10.pfb></usr/share/texlive/texmf-dist/fonts/type1/public/amsfonts/cm/cmbx12.pfb></usr/share/texlive/texmf-dist/fonts/type1/public/amsfonts/cm/cmbx9.pfb></usr/share/texlive/texmf-dist/fonts/type1/public/amsfonts/cm/cmex10.pfb></usr/share/texlive/texmf-dist/fonts/type1/public/amsfonts/cm/cmmi10.pfb></usr/share/texlive/texmf-dist/fonts/type1/public/amsfonts/cm/cmmi5.pfb></usr/share/texlive/texmf-dist/fonts/type1/public/amsfonts/cm/cmmi7.pfb></usr/share/texlive/texmf-dist/fonts/type1/public/amsfonts/cm/cmr10.pfb></usr/share/texlive/texmf-dist/fonts/type1/public/amsfonts/cm/cmr5.pfb></usr/share/texlive/texmf-dist/fonts/type1/public/amsfonts/cm/cmr7.pfb></usr/share/texlive/texmf-dist/fonts/type1/public/amsfonts/cm/cmr9.pfb></usr/share/texlive/texmf-dist/fonts/type1/public/amsfonts/cm/cmsy10.pfb></usr/share/texlive/texmf-dist/fonts/type1/public/amsfonts/cm/cmsy5.pfb></usr/share/texlive/texmf-dist/fonts/type1/public/amsfonts/cm/cmsy7.pfb></usr/share/texlive/texmf-dist/fonts/type1/public/amsfonts/cm/cmtt9.pfb>
Output written on "WPT_ViT_ OCOM5300M_ID_201575418.pdf" (14 pages, 1121948 bytes).
PDF statistics:
 158 PDF objects out of 1000 (max. 8388607)
 79 compressed objects within 1 object stream
 0 named destinations out of 1000 (max. 500000)
 81 words of extra memory for PDF output out of 10000 (max. 10000000)

